1510359070064	geckodriver	INFO	geckodriver 0.19.1
1510359070123	geckodriver	INFO	Listening on 127.0.0.1:50036
1510359073396	mozrunner::runner	INFO	Running command: "/Applications/Firefox.app/Contents/MacOS/firefox-bin" "-marionette" "-profile" "/var/folders/58/92vz0tnx7n1gj1bnv5m7921w0000gn/T/rust_mozprofile.lyl9qii1CC0i"
1510359073796	addons.xpi	WARN	Error parsing extensions state: [Exception... "Component returned failure code: 0x80520012 (NS_ERROR_FILE_NOT_FOUND) [amIAddonManagerStartup.readStartupData]"  nsresult: "0x80520012 (NS_ERROR_FILE_NOT_FOUND)"  location: "JS frame :: resource://gre/modules/addons/XPIProvider.jsm :: loadExtensionState :: line 1554"  data: no] Stack trace: loadExtensionState()@resource://gre/modules/addons/XPIProvider.jsm:1554 < getInstallState()@resource://gre/modules/addons/XPIProvider.jsm:1589 < checkForChanges()@resource://gre/modules/addons/XPIProvider.jsm:3109 < startup()@resource://gre/modules/addons/XPIProvider.jsm:2188 < callProvider()@resource://gre/modules/AddonManager.jsm:269 < _startProvider()@resource://gre/modules/AddonManager.jsm:739 < startup()@resource://gre/modules/AddonManager.jsm:906 < startup()@resource://gre/modules/AddonManager.jsm:3090 < observe()@jar:file:///Applications/Firefox.app/Contents/Resources/omni.ja!/components/addonManager.js:65
1510359074093	Marionette	INFO	Enabled via --marionette
2017-11-11 09:11:14.890 plugin-container[30192:145471] *** CFMessagePort: bootstrap_register(): failed 1100 (0x44c) 'Permission denied', port = 0xa30f, name = 'com.apple.tsm.portname'
See /usr/include/servers/bootstrap_defs.h for the error codes.
1510359075296	Marionette	INFO	Listening on port 50043
1510359075425	Marionette	WARN	TLS certificate errors will be ignored for this session
1510359075453	Marionette	DEBUG	Register listener.js for window 2147483649
1510359075466	Marionette	DEBUG	Received DOM event "beforeunload" for "about:blank"
1510359075544	Marionette	DEBUG	Received DOM event "pagehide" for "about:blank"
1510359075544	Marionette	DEBUG	Received DOM event "unload" for "about:blank"
1510359075642	Marionette	DEBUG	Received DOM event "DOMContentLoaded" for "http://0810.atat.jp/i/f.php"
1510359076699	Marionette	DEBUG	Received DOM event "pageshow" for "http://0810.atat.jp/i/f.php"
1510359077313	Marionette	DEBUG	Received DOM event "beforeunload" for "http://0810.atat.jp/i/f.php?sp_sn=sp000001&dum=1510359075"
1510359077357	Marionette	DEBUG	Received DOM event "pagehide" for "http://0810.atat.jp/i/f.php?sp_sn=sp000001&dum=1510359075"
1510359077357	Marionette	DEBUG	Received DOM event "unload" for "http://0810.atat.jp/i/f.php?sp_sn=sp000001&dum=1510359075"
1510359077362	Marionette	DEBUG	Received DOM event "DOMContentLoaded" for "http://0810.atat.jp/i/f.php?sn=sp000001&v=rsvreg01&s=TRN&dum=1510359076"
1510359077385	Marionette	DEBUG	Received DOM event "pageshow" for "http://0810.atat.jp/i/f.php?sn=sp000001&v=rsvreg01&s=TRN&dum=1510359076"
1510359077530	Marionette	DEBUG	Received DOM event "beforeunload" for "http://0810.atat.jp/i/f.php?sn=sp000001&v=rsvreg01&s=TRN&dum=1510359076"
1510359077622	Marionette	DEBUG	Received DOM event "pagehide" for "http://0810.atat.jp/i/f.php?sn=sp000001&v=rsvreg01&s=TRN&dum=1510359076"
1510359077622	Marionette	DEBUG	Received DOM event "unload" for "http://0810.atat.jp/i/f.php?sn=sp000001&v=rsvreg01&s=TRN&dum=1510359076"
1510359077625	Marionette	DEBUG	Received DOM event "DOMContentLoaded" for "http://0810.atat.jp/i/f.php"
1510359077636	Marionette	DEBUG	Received DOM event "pageshow" for "http://0810.atat.jp/i/f.php"
1510359077670	Marionette	DEBUG	Received DOM event "beforeunload" for "http://0810.atat.jp/i/f.php"
1510359077727	Marionette	DEBUG	Received DOM event "pagehide" for "http://0810.atat.jp/i/f.php"
1510359077728	Marionette	DEBUG	Received DOM event "unload" for "http://0810.atat.jp/i/f.php"
1510359077732	Marionette	DEBUG	Received DOM event "DOMContentLoaded" for "http://0810.atat.jp/i/f.php?s=TRN&v=rsvmbed01&a=AUTH&nc=1&i=1&sn=sp000001&nm_sn=na000001&mb_sn=mb019641&vid=rsvmbed01&op1=&op2=&op3=&HOSID=19485&b_date=1012&rsvcnt=&rc=&dum=1510359077"
1510359077752	Marionette	DEBUG	Received DOM event "pageshow" for "http://0810.atat.jp/i/f.php?s=TRN&v=rsvmbed01&a=AUTH&nc=1&i=1&sn=sp000001&nm_sn=na000001&mb_sn=mb019641&vid=rsvmbed01&op1=&op2=&op3=&HOSID=19485&b_date=1012&rsvcnt=&rc=&dum=1510359077"
1510359077783	Marionette	DEBUG	Received DOM event "beforeunload" for "http://0810.atat.jp/i/f.php?s=TRN&v=rsvmbed01&a=AUTH&nc=1&i=1&sn=sp000001&nm_sn=na000001&mb_sn=mb019641&vid=rsvmbed01&op1=&op2=&op3=&HOSID=19485&b_date=1012&rsvcnt=&rc=&dum=1510359077"
1510359077851	Marionette	DEBUG	Received DOM event "pagehide" for "http://0810.atat.jp/i/f.php?s=TRN&v=rsvmbed01&a=AUTH&nc=1&i=1&sn=sp000001&nm_sn=na000001&mb_sn=mb019641&vid=rsvmbed01&op1=&op2=&op3=&HOSID=19485&b_date=1012&rsvcnt=&rc=&dum=1510359077"
1510359077851	Marionette	DEBUG	Received DOM event "unload" for "http://0810.atat.jp/i/f.php?s=TRN&v=rsvmbed01&a=AUTH&nc=1&i=1&sn=sp000001&nm_sn=na000001&mb_sn=mb019641&vid=rsvmbed01&op1=&op2=&op3=&HOSID=19485&b_date=1012&rsvcnt=&rc=&dum=1510359077"
1510359077855	Marionette	DEBUG	Received DOM event "DOMContentLoaded" for "http://0810.atat.jp/i/f.php"
1510359077864	Marionette	DEBUG	Received DOM event "pageshow" for "http://0810.atat.jp/i/f.php"
1510359077873	Marionette	INFO	New connections will no longer be accepted
1510359133537	geckodriver	INFO	geckodriver 0.19.1
1510359133596	geckodriver	INFO	Listening on 127.0.0.1:50112
Invalid connection: com.apple.coresymbolicationd
1510359138809	mozrunner::runner	INFO	Running command: "/Applications/Firefox.app/Contents/MacOS/firefox-bin" "-marionette" "-profile" "/var/folders/58/92vz0tnx7n1gj1bnv5m7921w0000gn/T/rust_mozprofile.rEDG0IaYI0oj"
1510359139024	addons.xpi	WARN	Error parsing extensions state: [Exception... "Component returned failure code: 0x80520012 (NS_ERROR_FILE_NOT_FOUND) [amIAddonManagerStartup.readStartupData]"  nsresult: "0x80520012 (NS_ERROR_FILE_NOT_FOUND)"  location: "JS frame :: resource://gre/modules/addons/XPIProvider.jsm :: loadExtensionState :: line 1554"  data: no] Stack trace: loadExtensionState()@resource://gre/modules/addons/XPIProvider.jsm:1554 < getInstallState()@resource://gre/modules/addons/XPIProvider.jsm:1589 < checkForChanges()@resource://gre/modules/addons/XPIProvider.jsm:3109 < startup()@resource://gre/modules/addons/XPIProvider.jsm:2188 < callProvider()@resource://gre/modules/AddonManager.jsm:269 < _startProvider()@resource://gre/modules/AddonManager.jsm:739 < startup()@resource://gre/modules/AddonManager.jsm:906 < startup()@resource://gre/modules/AddonManager.jsm:3090 < observe()@jar:file:///Applications/Firefox.app/Contents/Resources/omni.ja!/components/addonManager.js:65
1510359139363	Marionette	INFO	Enabled via --marionette
2017-11-11 09:12:20.130 plugin-container[30396:152268] *** CFMessagePort: bootstrap_register(): failed 1100 (0x44c) 'Permission denied', port = 0xa03b, name = 'com.apple.tsm.portname'
See /usr/include/servers/bootstrap_defs.h for the error codes.
1510359140542	Marionette	INFO	Listening on port 50124
1510359140842	Marionette	WARN	TLS certificate errors will be ignored for this session
1510359140872	Marionette	DEBUG	Register listener.js for window 2147483649
1510359140886	Marionette	DEBUG	Received DOM event "beforeunload" for "about:blank"
1510359140946	Marionette	DEBUG	Received DOM event "pagehide" for "about:blank"
1510359140946	Marionette	DEBUG	Received DOM event "unload" for "about:blank"
1510359141036	Marionette	DEBUG	Received DOM event "DOMContentLoaded" for "http://0810.atat.jp/i/f.php"
1510359141910	Marionette	DEBUG	Received DOM event "pageshow" for "http://0810.atat.jp/i/f.php"
1510359142532	Marionette	DEBUG	Received DOM event "beforeunload" for "http://0810.atat.jp/i/f.php?sp_sn=sp000001&dum=1510359140"
1510359142584	Marionette	DEBUG	Received DOM event "pagehide" for "http://0810.atat.jp/i/f.php?sp_sn=sp000001&dum=1510359140"
1510359142584	Marionette	DEBUG	Received DOM event "unload" for "http://0810.atat.jp/i/f.php?sp_sn=sp000001&dum=1510359140"
1510359142589	Marionette	DEBUG	Received DOM event "DOMContentLoaded" for "http://0810.atat.jp/i/f.php?sn=sp000001&v=rsvreg01&s=TRN&dum=1510359141"
1510359142604	Marionette	DEBUG	Received DOM event "pageshow" for "http://0810.atat.jp/i/f.php?sn=sp000001&v=rsvreg01&s=TRN&dum=1510359141"
1510359142845	Marionette	DEBUG	Received DOM event "beforeunload" for "http://0810.atat.jp/i/f.php?sn=sp000001&v=rsvreg01&s=TRN&dum=1510359141"
1510359142893	Marionette	DEBUG	Received DOM event "pagehide" for "http://0810.atat.jp/i/f.php?sn=sp000001&v=rsvreg01&s=TRN&dum=1510359141"
1510359142893	Marionette	DEBUG	Received DOM event "unload" for "http://0810.atat.jp/i/f.php?sn=sp000001&v=rsvreg01&s=TRN&dum=1510359141"
1510359142897	Marionette	DEBUG	Received DOM event "DOMContentLoaded" for "http://0810.atat.jp/i/f.php"
1510359142909	Marionette	DEBUG	Received DOM event "pageshow" for "http://0810.atat.jp/i/f.php"
1510359142945	Marionette	DEBUG	Received DOM event "beforeunload" for "http://0810.atat.jp/i/f.php"
1510359142984	Marionette	DEBUG	Received DOM event "pagehide" for "http://0810.atat.jp/i/f.php"
1510359142985	Marionette	DEBUG	Received DOM event "unload" for "http://0810.atat.jp/i/f.php"
1510359142989	Marionette	DEBUG	Received DOM event "DOMContentLoaded" for "http://0810.atat.jp/i/f.php?s=TRN&v=rsvmbed01&a=AUTH&nc=1&i=1&sn=sp000001&nm_sn=na000001&mb_sn=mb019641&vid=rsvmbed01&op1=&op2=&op3=&HOSID=19485&b_date=1012&rsvcnt=&rc=&dum=1510359142"
1510359143002	Marionette	DEBUG	Received DOM event "pageshow" for "http://0810.atat.jp/i/f.php?s=TRN&v=rsvmbed01&a=AUTH&nc=1&i=1&sn=sp000001&nm_sn=na000001&mb_sn=mb019641&vid=rsvmbed01&op1=&op2=&op3=&HOSID=19485&b_date=1012&rsvcnt=&rc=&dum=1510359142"
1510359143045	Marionette	DEBUG	Received DOM event "beforeunload" for "http://0810.atat.jp/i/f.php?s=TRN&v=rsvmbed01&a=AUTH&nc=1&i=1&sn=sp000001&nm_sn=na000001&mb_sn=mb019641&vid=rsvmbed01&op1=&op2=&op3=&HOSID=19485&b_date=1012&rsvcnt=&rc=&dum=1510359142"
1510359143106	Marionette	DEBUG	Received DOM event "pagehide" for "http://0810.atat.jp/i/f.php?s=TRN&v=rsvmbed01&a=AUTH&nc=1&i=1&sn=sp000001&nm_sn=na000001&mb_sn=mb019641&vid=rsvmbed01&op1=&op2=&op3=&HOSID=19485&b_date=1012&rsvcnt=&rc=&dum=1510359142"
1510359143106	Marionette	DEBUG	Received DOM event "unload" for "http://0810.atat.jp/i/f.php?s=TRN&v=rsvmbed01&a=AUTH&nc=1&i=1&sn=sp000001&nm_sn=na000001&mb_sn=mb019641&vid=rsvmbed01&op1=&op2=&op3=&HOSID=19485&b_date=1012&rsvcnt=&rc=&dum=1510359142"
1510359143109	Marionette	DEBUG	Received DOM event "DOMContentLoaded" for "http://0810.atat.jp/i/f.php"
1510359143119	Marionette	DEBUG	Received DOM event "pageshow" for "http://0810.atat.jp/i/f.php"
1510359143124	Marionette	INFO	New connections will no longer be accepted
1510359327806	geckodriver	INFO	geckodriver 0.19.1
1510359327868	geckodriver	INFO	Listening on 127.0.0.1:50191
1510359330973	mozrunner::runner	INFO	Running command: "/Applications/Firefox.app/Contents/MacOS/firefox-bin" "-marionette" "-profile" "/var/folders/58/92vz0tnx7n1gj1bnv5m7921w0000gn/T/rust_mozprofile.WXSfwuo8Km2b"
1510359331164	addons.xpi	WARN	Error parsing extensions state: [Exception... "Component returned failure code: 0x80520012 (NS_ERROR_FILE_NOT_FOUND) [amIAddonManagerStartup.readStartupData]"  nsresult: "0x80520012 (NS_ERROR_FILE_NOT_FOUND)"  location: "JS frame :: resource://gre/modules/addons/XPIProvider.jsm :: loadExtensionState :: line 1554"  data: no] Stack trace: loadExtensionState()@resource://gre/modules/addons/XPIProvider.jsm:1554 < getInstallState()@resource://gre/modules/addons/XPIProvider.jsm:1589 < checkForChanges()@resource://gre/modules/addons/XPIProvider.jsm:3109 < startup()@resource://gre/modules/addons/XPIProvider.jsm:2188 < callProvider()@resource://gre/modules/AddonManager.jsm:269 < _startProvider()@resource://gre/modules/AddonManager.jsm:739 < startup()@resource://gre/modules/AddonManager.jsm:906 < startup()@resource://gre/modules/AddonManager.jsm:3090 < observe()@jar:file:///Applications/Firefox.app/Contents/Resources/omni.ja!/components/addonManager.js:65
1510359331435	Marionette	INFO	Enabled via --marionette
2017-11-11 09:15:32.187 plugin-container[30990:161286] *** CFMessagePort: bootstrap_register(): failed 1100 (0x44c) 'Permission denied', port = 0x9f3b, name = 'com.apple.tsm.portname'
See /usr/include/servers/bootstrap_defs.h for the error codes.
1510359332542	Marionette	INFO	Listening on port 50198
1510359333008	Marionette	WARN	TLS certificate errors will be ignored for this session
1510359333038	Marionette	DEBUG	Register listener.js for window 2147483649
1510359333055	Marionette	DEBUG	Received DOM event "beforeunload" for "about:blank"
1510359333196	Marionette	DEBUG	Received DOM event "pagehide" for "about:blank"
1510359333197	Marionette	DEBUG	Received DOM event "unload" for "about:blank"
1510359333335	Marionette	DEBUG	Received DOM event "DOMContentLoaded" for "http://0810.atat.jp/i/f.php"
1510359334035	Marionette	DEBUG	Received observer notification "outer-window-destroyed" for "2147483649"
*** UTM:SVC TimerManager:registerTimer called after profile-before-change notification. Ignoring timer registration for id: telemetry_modules_ping
